<?xml version="1.0" encoding="UTF-8"?>
<!-- Generated by org.testng.reporters.JUnitXMLReporter -->
<testsuite ignored="0" hostname="Vrishalis-MacBook-Air.local" failures="1" tests="10" name="Test_SalesForceLogin" time="504.345" errors="0" timestamp="2023-06-21T11:02:02 PDT">
  <testcase classname="com.automation.tests.SalesForceAutomationPOMScript" name="CreateOptyTC15" time="45.556"/>
  <testcase classname="com.automation.tests.SalesForceAutomationPOMScript" name="CreateOptyTC17" time="50.725"/>
  <testcase classname="com.automation.tests.SalesForceAutomationPOMScript" name="CreateOptyTC18" time="46.158"/>
  <testcase classname="com.automation.tests.SalesForceAutomationPOMScript" name="LeadsTC20" time="44.841"/>
  <testcase classname="com.automation.tests.SalesForceAutomationPOMScript" name="LeadsTC23" time="49.672"/>
  <testcase classname="com.automation.tests.SalesForceAutomationPOMScript" name="forgotPasswordA" time="10.73"/>
  <testcase classname="com.automation.tests.SalesForceAutomationPOMScript" name="forgotPassword_B" time="16.387"/>
  <testcase classname="com.automation.tests.SalesForceAutomationPOMScript" name="loginWithBlankPassword" time="17.09"/>
  <testcase classname="com.automation.tests.SalesForceAutomationPOMScript" name="rememberMe" time="45.091">
    <failure type="java.lang.AssertionError" message="expected [true] but found [false]">
      <![CDATA[java.lang.AssertionError: expected [true] but found [false]
at com.automation.tests.SalesForceAutomationPOMScript.rememberMe(SalesForceAutomationPOMScript.java:117)
at java.base/java.util.ArrayList.forEach(ArrayList.java:1511)
... Removed 34 stack frames]]>
    </failure>
  </testcase> <!-- rememberMe -->
  <testcase classname="com.automation.tests.SalesForceAutomationPOMScript" name="validLoginToSalesForce" time="18.804"/>
</testsuite> <!-- Test_SalesForceLogin -->
