<?xml version="1.0" encoding="UTF-8"?>
<testng-results ignored="0" total="10" passed="9" failed="1" skipped="0">
  <reporter-output>
  </reporter-output>
  <suite started-at="2023-06-21T10:53:38 PDT" name="Suite_SalesForce" finished-at="2023-06-21T11:02:02 PDT" duration-ms="504345">
    <groups>
    </groups>
    <test started-at="2023-06-21T10:53:38 PDT" name="Test_SalesForceLogin" finished-at="2023-06-21T11:02:02 PDT" duration-ms="504345">
      <class name="com.automation.tests.SalesForceAutomationPOMScript">
        <test-method is-config="true" signature="beforeSuit()[pri:0, instance:com.automation.tests.SalesForceAutomationPOMScript@5a45133e]" started-at="2023-06-21T10:53:37 PDT" name="beforeSuit" finished-at="2023-06-21T10:53:38 PDT" duration-ms="765" status="PASS">
          <reporter-output>
          </reporter-output>
        </test-method> <!-- beforeSuit -->
        <test-method is-config="true" signature="beforeTest()[pri:0, instance:com.automation.tests.SalesForceAutomationPOMScript@5a45133e]" started-at="2023-06-21T10:53:38 PDT" name="beforeTest" finished-at="2023-06-21T10:53:38 PDT" duration-ms="3" status="PASS">
          <reporter-output>
          </reporter-output>
        </test-method> <!-- beforeTest -->
        <test-method is-config="true" signature="beforeMethod(java.lang.String)[pri:0, instance:com.automation.tests.SalesForceAutomationPOMScript@5a45133e]" started-at="2023-06-21T10:53:38 PDT" name="beforeMethod" finished-at="2023-06-21T10:53:46 PDT" duration-ms="7871" status="PASS">
          <params>
            <param index="0">
              <value>
                <![CDATA[chrome]]>
              </value>
            </param>
          </params>
          <reporter-output>
          </reporter-output>
        </test-method> <!-- beforeMethod -->
        <test-method signature="CreateOptyTC15()[pri:0, instance:com.automation.tests.SalesForceAutomationPOMScript@5a45133e]" started-at="2023-06-21T10:53:46 PDT" name="CreateOptyTC15" finished-at="2023-06-21T10:54:31 PDT" duration-ms="45556" status="PASS">
          <reporter-output>
          </reporter-output>
        </test-method> <!-- CreateOptyTC15 -->
        <test-method is-config="true" signature="afterMethod()[pri:0, instance:com.automation.tests.SalesForceAutomationPOMScript@5a45133e]" started-at="2023-06-21T10:54:31 PDT" name="afterMethod" finished-at="2023-06-21T10:54:41 PDT" duration-ms="10134" status="PASS">
          <reporter-output>
          </reporter-output>
        </test-method> <!-- afterMethod -->
        <test-method is-config="true" signature="beforeMethod(java.lang.String)[pri:0, instance:com.automation.tests.SalesForceAutomationPOMScript@5a45133e]" started-at="2023-06-21T10:54:41 PDT" name="beforeMethod" finished-at="2023-06-21T10:54:47 PDT" duration-ms="5454" status="PASS">
          <params>
            <param index="0">
              <value>
                <![CDATA[chrome]]>
              </value>
            </param>
          </params>
          <reporter-output>
          </reporter-output>
        </test-method> <!-- beforeMethod -->
        <test-method signature="CreateOptyTC17()[pri:0, instance:com.automation.tests.SalesForceAutomationPOMScript@5a45133e]" started-at="2023-06-21T10:54:47 PDT" name="CreateOptyTC17" finished-at="2023-06-21T10:55:37 PDT" duration-ms="50725" status="PASS">
          <reporter-output>
          </reporter-output>
        </test-method> <!-- CreateOptyTC17 -->
        <test-method is-config="true" signature="afterMethod()[pri:0, instance:com.automation.tests.SalesForceAutomationPOMScript@5a45133e]" started-at="2023-06-21T10:55:37 PDT" name="afterMethod" finished-at="2023-06-21T10:55:48 PDT" duration-ms="10220" status="PASS">
          <reporter-output>
          </reporter-output>
        </test-method> <!-- afterMethod -->
        <test-method is-config="true" signature="beforeMethod(java.lang.String)[pri:0, instance:com.automation.tests.SalesForceAutomationPOMScript@5a45133e]" started-at="2023-06-21T10:55:48 PDT" name="beforeMethod" finished-at="2023-06-21T10:55:53 PDT" duration-ms="5545" status="PASS">
          <params>
            <param index="0">
              <value>
                <![CDATA[chrome]]>
              </value>
            </param>
          </params>
          <reporter-output>
          </reporter-output>
        </test-method> <!-- beforeMethod -->
        <test-method signature="CreateOptyTC18()[pri:0, instance:com.automation.tests.SalesForceAutomationPOMScript@5a45133e]" started-at="2023-06-21T10:55:53 PDT" name="CreateOptyTC18" finished-at="2023-06-21T10:56:39 PDT" duration-ms="46158" status="PASS">
          <reporter-output>
          </reporter-output>
        </test-method> <!-- CreateOptyTC18 -->
        <test-method is-config="true" signature="afterMethod()[pri:0, instance:com.automation.tests.SalesForceAutomationPOMScript@5a45133e]" started-at="2023-06-21T10:56:39 PDT" name="afterMethod" finished-at="2023-06-21T10:56:50 PDT" duration-ms="10207" status="PASS">
          <reporter-output>
          </reporter-output>
        </test-method> <!-- afterMethod -->
        <test-method is-config="true" signature="beforeMethod(java.lang.String)[pri:0, instance:com.automation.tests.SalesForceAutomationPOMScript@5a45133e]" started-at="2023-06-21T10:56:50 PDT" name="beforeMethod" finished-at="2023-06-21T10:56:55 PDT" duration-ms="5542" status="PASS">
          <params>
            <param index="0">
              <value>
                <![CDATA[chrome]]>
              </value>
            </param>
          </params>
          <reporter-output>
          </reporter-output>
        </test-method> <!-- beforeMethod -->
        <test-method signature="LeadsTC20()[pri:0, instance:com.automation.tests.SalesForceAutomationPOMScript@5a45133e]" started-at="2023-06-21T10:56:55 PDT" name="LeadsTC20" finished-at="2023-06-21T10:57:40 PDT" duration-ms="44841" status="PASS">
          <reporter-output>
          </reporter-output>
        </test-method> <!-- LeadsTC20 -->
        <test-method is-config="true" signature="afterMethod()[pri:0, instance:com.automation.tests.SalesForceAutomationPOMScript@5a45133e]" started-at="2023-06-21T10:57:40 PDT" name="afterMethod" finished-at="2023-06-21T10:57:50 PDT" duration-ms="10167" status="PASS">
          <reporter-output>
          </reporter-output>
        </test-method> <!-- afterMethod -->
        <test-method is-config="true" signature="beforeMethod(java.lang.String)[pri:0, instance:com.automation.tests.SalesForceAutomationPOMScript@5a45133e]" started-at="2023-06-21T10:57:50 PDT" name="beforeMethod" finished-at="2023-06-21T10:57:56 PDT" duration-ms="5553" status="PASS">
          <params>
            <param index="0">
              <value>
                <![CDATA[chrome]]>
              </value>
            </param>
          </params>
          <reporter-output>
          </reporter-output>
        </test-method> <!-- beforeMethod -->
        <test-method signature="LeadsTC23()[pri:0, instance:com.automation.tests.SalesForceAutomationPOMScript@5a45133e]" started-at="2023-06-21T10:57:56 PDT" name="LeadsTC23" finished-at="2023-06-21T10:58:45 PDT" duration-ms="49672" status="PASS">
          <reporter-output>
          </reporter-output>
        </test-method> <!-- LeadsTC23 -->
        <test-method is-config="true" signature="afterMethod()[pri:0, instance:com.automation.tests.SalesForceAutomationPOMScript@5a45133e]" started-at="2023-06-21T10:58:45 PDT" name="afterMethod" finished-at="2023-06-21T10:58:56 PDT" duration-ms="10124" status="PASS">
          <reporter-output>
          </reporter-output>
        </test-method> <!-- afterMethod -->
        <test-method is-config="true" signature="beforeMethod(java.lang.String)[pri:0, instance:com.automation.tests.SalesForceAutomationPOMScript@5a45133e]" started-at="2023-06-21T10:58:56 PDT" name="beforeMethod" finished-at="2023-06-21T10:59:01 PDT" duration-ms="5513" status="PASS">
          <params>
            <param index="0">
              <value>
                <![CDATA[chrome]]>
              </value>
            </param>
          </params>
          <reporter-output>
          </reporter-output>
        </test-method> <!-- beforeMethod -->
        <test-method signature="forgotPasswordA()[pri:0, instance:com.automation.tests.SalesForceAutomationPOMScript@5a45133e]" started-at="2023-06-21T10:59:01 PDT" name="forgotPasswordA" finished-at="2023-06-21T10:59:12 PDT" duration-ms="10730" status="PASS">
          <reporter-output>
          </reporter-output>
        </test-method> <!-- forgotPasswordA -->
        <test-method is-config="true" signature="afterMethod()[pri:0, instance:com.automation.tests.SalesForceAutomationPOMScript@5a45133e]" started-at="2023-06-21T10:59:12 PDT" name="afterMethod" finished-at="2023-06-21T10:59:22 PDT" duration-ms="10144" status="PASS">
          <reporter-output>
          </reporter-output>
        </test-method> <!-- afterMethod -->
        <test-method is-config="true" signature="beforeMethod(java.lang.String)[pri:0, instance:com.automation.tests.SalesForceAutomationPOMScript@5a45133e]" started-at="2023-06-21T10:59:22 PDT" name="beforeMethod" finished-at="2023-06-21T10:59:27 PDT" duration-ms="5518" status="PASS">
          <params>
            <param index="0">
              <value>
                <![CDATA[chrome]]>
              </value>
            </param>
          </params>
          <reporter-output>
          </reporter-output>
        </test-method> <!-- beforeMethod -->
        <test-method signature="forgotPassword_B()[pri:0, instance:com.automation.tests.SalesForceAutomationPOMScript@5a45133e]" started-at="2023-06-21T10:59:27 PDT" name="forgotPassword_B" finished-at="2023-06-21T10:59:44 PDT" duration-ms="16387" status="PASS">
          <reporter-output>
          </reporter-output>
        </test-method> <!-- forgotPassword_B -->
        <test-method is-config="true" signature="afterMethod()[pri:0, instance:com.automation.tests.SalesForceAutomationPOMScript@5a45133e]" started-at="2023-06-21T10:59:44 PDT" name="afterMethod" finished-at="2023-06-21T10:59:54 PDT" duration-ms="10133" status="PASS">
          <reporter-output>
          </reporter-output>
        </test-method> <!-- afterMethod -->
        <test-method is-config="true" signature="beforeMethod(java.lang.String)[pri:0, instance:com.automation.tests.SalesForceAutomationPOMScript@5a45133e]" started-at="2023-06-21T10:59:54 PDT" name="beforeMethod" finished-at="2023-06-21T10:59:59 PDT" duration-ms="5479" status="PASS">
          <params>
            <param index="0">
              <value>
                <![CDATA[chrome]]>
              </value>
            </param>
          </params>
          <reporter-output>
          </reporter-output>
        </test-method> <!-- beforeMethod -->
        <test-method signature="loginWithBlankPassword()[pri:0, instance:com.automation.tests.SalesForceAutomationPOMScript@5a45133e]" started-at="2023-06-21T10:59:59 PDT" name="loginWithBlankPassword" finished-at="2023-06-21T11:00:17 PDT" duration-ms="17090" status="PASS">
          <reporter-output>
          </reporter-output>
        </test-method> <!-- loginWithBlankPassword -->
        <test-method is-config="true" signature="afterMethod()[pri:0, instance:com.automation.tests.SalesForceAutomationPOMScript@5a45133e]" started-at="2023-06-21T11:00:17 PDT" name="afterMethod" finished-at="2023-06-21T11:00:27 PDT" duration-ms="10139" status="PASS">
          <reporter-output>
          </reporter-output>
        </test-method> <!-- afterMethod -->
        <test-method is-config="true" signature="beforeMethod(java.lang.String)[pri:0, instance:com.automation.tests.SalesForceAutomationPOMScript@5a45133e]" started-at="2023-06-21T11:00:27 PDT" name="beforeMethod" finished-at="2023-06-21T11:00:32 PDT" duration-ms="5646" status="PASS">
          <params>
            <param index="0">
              <value>
                <![CDATA[chrome]]>
              </value>
            </param>
          </params>
          <reporter-output>
          </reporter-output>
        </test-method> <!-- beforeMethod -->
        <test-method signature="rememberMe()[pri:0, instance:com.automation.tests.SalesForceAutomationPOMScript@5a45133e]" started-at="2023-06-21T11:00:32 PDT" name="rememberMe" finished-at="2023-06-21T11:01:17 PDT" duration-ms="45091" status="FAIL">
          <exception class="java.lang.AssertionError">
            <message>
              <![CDATA[expected [true] but found [false]]]>
            </message>
            <full-stacktrace>
              <![CDATA[java.lang.AssertionError: expected [true] but found [false]
at org.testng.Assert.fail(Assert.java:110)
at org.testng.Assert.failNotEquals(Assert.java:1577)
at org.testng.Assert.assertEqualsImpl(Assert.java:149)
at org.testng.Assert.assertEquals(Assert.java:131)
at org.testng.Assert.assertEquals(Assert.java:1066)
at org.testng.Assert.assertEquals(Assert.java:1030)
at org.testng.Assert.assertEquals(Assert.java:1076)
at com.automation.tests.SalesForceAutomationPOMScript.rememberMe(SalesForceAutomationPOMScript.java:117)
at java.base/jdk.internal.reflect.NativeMethodAccessorImpl.invoke0(Native Method)
at java.base/jdk.internal.reflect.NativeMethodAccessorImpl.invoke(NativeMethodAccessorImpl.java:77)
at java.base/jdk.internal.reflect.DelegatingMethodAccessorImpl.invoke(DelegatingMethodAccessorImpl.java:43)
at java.base/java.lang.reflect.Method.invoke(Method.java:568)
at org.testng.internal.invokers.MethodInvocationHelper.invokeMethod(MethodInvocationHelper.java:139)
at org.testng.internal.invokers.TestInvoker.invokeMethod(TestInvoker.java:677)
at org.testng.internal.invokers.TestInvoker.invokeTestMethod(TestInvoker.java:221)
at org.testng.internal.invokers.MethodRunner.runInSequence(MethodRunner.java:50)
at org.testng.internal.invokers.TestInvoker$MethodInvocationAgent.invoke(TestInvoker.java:969)
at org.testng.internal.invokers.TestInvoker.invokeTestMethods(TestInvoker.java:194)
at org.testng.internal.invokers.TestMethodWorker.invokeTestMethods(TestMethodWorker.java:148)
at org.testng.internal.invokers.TestMethodWorker.run(TestMethodWorker.java:128)
at java.base/java.util.ArrayList.forEach(ArrayList.java:1511)
at org.testng.TestRunner.privateRun(TestRunner.java:829)
at org.testng.TestRunner.run(TestRunner.java:602)
at org.testng.SuiteRunner.runTest(SuiteRunner.java:437)
at org.testng.SuiteRunner.runSequentially(SuiteRunner.java:431)
at org.testng.SuiteRunner.privateRun(SuiteRunner.java:391)
at org.testng.SuiteRunner.run(SuiteRunner.java:330)
at org.testng.SuiteRunnerWorker.runSuite(SuiteRunnerWorker.java:52)
at org.testng.SuiteRunnerWorker.run(SuiteRunnerWorker.java:95)
at org.testng.TestNG.runSuitesSequentially(TestNG.java:1256)
at org.testng.TestNG.runSuitesLocally(TestNG.java:1176)
at org.testng.TestNG.runSuites(TestNG.java:1099)
at org.testng.TestNG.run(TestNG.java:1067)
at org.testng.remote.AbstractRemoteTestNG.run(AbstractRemoteTestNG.java:115)
at org.testng.remote.RemoteTestNG.initAndRun(RemoteTestNG.java:251)
at org.testng.remote.RemoteTestNG.main(RemoteTestNG.java:77)
]]>
            </full-stacktrace>
          </exception> <!-- java.lang.AssertionError -->
          <reporter-output>
          </reporter-output>
        </test-method> <!-- rememberMe -->
        <test-method is-config="true" signature="afterMethod()[pri:0, instance:com.automation.tests.SalesForceAutomationPOMScript@5a45133e]" started-at="2023-06-21T11:01:17 PDT" name="afterMethod" finished-at="2023-06-21T11:01:28 PDT" duration-ms="10162" status="PASS">
          <reporter-output>
          </reporter-output>
        </test-method> <!-- afterMethod -->
        <test-method is-config="true" signature="beforeMethod(java.lang.String)[pri:0, instance:com.automation.tests.SalesForceAutomationPOMScript@5a45133e]" started-at="2023-06-21T11:01:28 PDT" name="beforeMethod" finished-at="2023-06-21T11:01:33 PDT" duration-ms="5487" status="PASS">
          <params>
            <param index="0">
              <value>
                <![CDATA[chrome]]>
              </value>
            </param>
          </params>
          <reporter-output>
          </reporter-output>
        </test-method> <!-- beforeMethod -->
        <test-method signature="validLoginToSalesForce()[pri:0, instance:com.automation.tests.SalesForceAutomationPOMScript@5a45133e]" started-at="2023-06-21T11:01:33 PDT" name="validLoginToSalesForce" finished-at="2023-06-21T11:01:52 PDT" duration-ms="18804" status="PASS">
          <reporter-output>
          </reporter-output>
        </test-method> <!-- validLoginToSalesForce -->
        <test-method is-config="true" signature="afterMethod()[pri:0, instance:com.automation.tests.SalesForceAutomationPOMScript@5a45133e]" started-at="2023-06-21T11:01:52 PDT" name="afterMethod" finished-at="2023-06-21T11:02:02 PDT" duration-ms="10134" status="PASS">
          <reporter-output>
          </reporter-output>
        </test-method> <!-- afterMethod -->
        <test-method is-config="true" signature="afterTest()[pri:0, instance:com.automation.tests.SalesForceAutomationPOMScript@5a45133e]" started-at="2023-06-21T11:02:02 PDT" name="afterTest" finished-at="2023-06-21T11:02:02 PDT" duration-ms="1" status="PASS">
          <reporter-output>
          </reporter-output>
        </test-method> <!-- afterTest -->
        <test-method is-config="true" signature="afterSuit()[pri:0, instance:com.automation.tests.SalesForceAutomationPOMScript@5a45133e]" started-at="2023-06-21T11:02:02 PDT" name="afterSuit" finished-at="2023-06-21T11:02:02 PDT" duration-ms="1" status="PASS">
          <reporter-output>
          </reporter-output>
        </test-method> <!-- afterSuit -->
      </class> <!-- com.automation.tests.SalesForceAutomationPOMScript -->
    </test> <!-- Test_SalesForceLogin -->
  </suite> <!-- Suite_SalesForce -->
</testng-results>
